build/app/intermediates/manifest_merge_blame_file/debug/manifest-merger-blame-debug-report.txt
1<?xml version="1.0" encoding="utf-8"?>
2<manifest xmlns:android="http://schemas.android.com/apk/res/android"
3    package="com.fitness.moaching_app"
4    android:versionCode="1"
5    android:versionName="1.0.0" >
6
7    <uses-sdk
8        android:minSdkVersion="21"
9        android:targetSdkVersion="31" />
10    <!--
11         The INTERNET permission is required for development. Specifically,
12         the Flutter tool needs it to communicate with the running application
13         to allow setting breakpoints, to provide hot reload, etc.
14    -->
15    <uses-permission android:name="android.permission.INTERNET" />
15-->src/main/AndroidManifest.xml:3:5-66
15-->src/main/AndroidManifest.xml:3:22-64
16
17    <queries>
17-->[:flutter_inappwebview] AndroidManifest.xml:9:5-13:15
18        <intent>
18-->[:flutter_inappwebview] AndroidManifest.xml:10:9-12:18
19            <action android:name="android.support.customtabs.action.CustomTabsService" />
19-->[:flutter_inappwebview] AndroidManifest.xml:11:13-90
19-->[:flutter_inappwebview] AndroidManifest.xml:11:21-87
20        </intent>
21    </queries>
22
23    <uses-permission android:name="com.google.android.gms.permission.AD_ID" />
23-->[com.facebook.android:facebook-core:14.0.0] AndroidManifest.xml:28:5-79
23-->[com.facebook.android:facebook-core:14.0.0] AndroidManifest.xml:28:22-76
24    <uses-permission android:name="com.google.android.finsky.permission.BIND_GET_INSTALL_REFERRER_SERVICE" />
24-->[com.android.installreferrer:installreferrer:1.0] AndroidManifest.xml:9:5-110
24-->[com.android.installreferrer:installreferrer:1.0] AndroidManifest.xml:9:22-107
25
26    <application
27        android:name="android.app.Application"
28        android:appComponentFactory="androidx.core.app.CoreComponentFactory"
28-->[androidx.core:core:1.7.0] AndroidManifest.xml:24:18-86
29        android:debuggable="true"
30        android:icon="@mipmap/ic_launcher"
31        android:label="moaching_app"
32        android:supportsRtl="true" >
32-->[com.facebook.android:facebook-login:14.0.0] AndroidManifest.xml:28:18-44
33        <activity
34            android:name="com.fitness.moaching_app.MainActivity"
35            android:configChanges="orientation|keyboardHidden|keyboard|screenSize|smallestScreenSize|locale|layoutDirection|fontScale|screenLayout|density|uiMode"
36            android:exported="true"
37            android:hardwareAccelerated="true"
38            android:launchMode="singleTop"
39            android:theme="@style/LaunchTheme"
40            android:windowSoftInputMode="adjustResize" >
41
42            <!--
43                 Specifies an Android theme to apply to this Activity as soon as
44                 the Android process has started. This theme is visible to the user
45                 while the Flutter UI initializes. After that, this theme continues
46                 to determine the Window background behind the Flutter UI.
47            -->
48            <meta-data
49                android:name="io.flutter.embedding.android.NormalTheme"
50                android:resource="@style/NormalTheme" />
51
52            <intent-filter>
53                <action android:name="android.intent.action.MAIN" />
54
55                <category android:name="android.intent.category.LAUNCHER" />
56            </intent-filter>
57        </activity>
58        <!--
59             Don't delete the meta-data below.
60             This is used by the Flutter tool to generate GeneratedPluginRegistrant.java
61        -->
62        <meta-data
63            android:name="flutterEmbedding"
64            android:value="2" />
65
66        <activity
66-->[:flutter_inappwebview] AndroidManifest.xml:16:9-20:47
67            android:name="com.pichillilorenzo.flutter_inappwebview.in_app_browser.InAppBrowserActivity"
67-->[:flutter_inappwebview] AndroidManifest.xml:17:13-104
68            android:configChanges="orientation|keyboardHidden|keyboard|screenSize|locale|layoutDirection|fontScale|screenLayout|density"
68-->[:flutter_inappwebview] AndroidManifest.xml:18:13-137
69            android:exported="true"
69-->[:flutter_inappwebview] AndroidManifest.xml:19:13-36
70            android:theme="@style/AppTheme" />
70-->[:flutter_inappwebview] AndroidManifest.xml:20:13-44
71        <activity
71-->[:flutter_inappwebview] AndroidManifest.xml:21:9-24:55
72            android:name="com.pichillilorenzo.flutter_inappwebview.chrome_custom_tabs.ChromeCustomTabsActivity"
72-->[:flutter_inappwebview] AndroidManifest.xml:22:13-112
73            android:exported="true"
73-->[:flutter_inappwebview] AndroidManifest.xml:23:13-36
74            android:theme="@style/ThemeTransparent" />
74-->[:flutter_inappwebview] AndroidManifest.xml:24:13-52
75        <activity
75-->[:flutter_inappwebview] AndroidManifest.xml:25:9-28:55
76            android:name="com.pichillilorenzo.flutter_inappwebview.chrome_custom_tabs.TrustedWebActivity"
76-->[:flutter_inappwebview] AndroidManifest.xml:26:13-106
77            android:exported="true"
77-->[:flutter_inappwebview] AndroidManifest.xml:27:13-36
78            android:theme="@style/ThemeTransparent" />
78-->[:flutter_inappwebview] AndroidManifest.xml:28:13-52
79        <activity
79-->[:flutter_inappwebview] AndroidManifest.xml:29:9-33:55
80            android:name="com.pichillilorenzo.flutter_inappwebview.chrome_custom_tabs.ChromeCustomTabsActivitySingleInstance"
80-->[:flutter_inappwebview] AndroidManifest.xml:30:13-126
81            android:exported="true"
81-->[:flutter_inappwebview] AndroidManifest.xml:31:13-36
82            android:launchMode="singleInstance"
82-->[:flutter_inappwebview] AndroidManifest.xml:32:13-48
83            android:theme="@style/ThemeTransparent" />
83-->[:flutter_inappwebview] AndroidManifest.xml:33:13-52
84        <activity
84-->[:flutter_inappwebview] AndroidManifest.xml:34:9-38:55
85            android:name="com.pichillilorenzo.flutter_inappwebview.chrome_custom_tabs.TrustedWebActivitySingleInstance"
85-->[:flutter_inappwebview] AndroidManifest.xml:35:13-120
86            android:exported="true"
86-->[:flutter_inappwebview] AndroidManifest.xml:36:13-36
87            android:launchMode="singleInstance"
87-->[:flutter_inappwebview] AndroidManifest.xml:37:13-48
88            android:theme="@style/ThemeTransparent" />
88-->[:flutter_inappwebview] AndroidManifest.xml:38:13-52
89
90        <receiver
90-->[:flutter_inappwebview] AndroidManifest.xml:40:9-43:40
91            android:name="com.pichillilorenzo.flutter_inappwebview.chrome_custom_tabs.ActionBroadcastReceiver"
91-->[:flutter_inappwebview] AndroidManifest.xml:41:13-111
92            android:enabled="true"
92-->[:flutter_inappwebview] AndroidManifest.xml:42:13-35
93            android:exported="false" />
93-->[:flutter_inappwebview] AndroidManifest.xml:43:13-37
94
95        <meta-data
95-->[:flutter_inappwebview] AndroidManifest.xml:45:9-47:36
96            android:name="io.flutter.embedded_views_preview"
96-->[:flutter_inappwebview] AndroidManifest.xml:46:13-61
97            android:value="true" />
97-->[:flutter_inappwebview] AndroidManifest.xml:47:13-33
98
99        <uses-library
99-->[androidx.window:window:1.0.0-beta04] AndroidManifest.xml:25:9-27:40
100            android:name="androidx.window.extensions"
100-->[androidx.window:window:1.0.0-beta04] AndroidManifest.xml:26:13-54
101            android:required="false" />
101-->[androidx.window:window:1.0.0-beta04] AndroidManifest.xml:27:13-37
102        <uses-library
102-->[androidx.window:window:1.0.0-beta04] AndroidManifest.xml:28:9-30:40
103            android:name="androidx.window.sidecar"
103-->[androidx.window:window:1.0.0-beta04] AndroidManifest.xml:29:13-51
104            android:required="false" />
104-->[androidx.window:window:1.0.0-beta04] AndroidManifest.xml:30:13-37
105
106        <activity
106-->[com.facebook.android:facebook-common:14.0.0] AndroidManifest.xml:30:9-33:66
107            android:name="com.facebook.FacebookActivity"
107-->[com.facebook.android:facebook-common:14.0.0] AndroidManifest.xml:31:13-57
108            android:configChanges="keyboard|keyboardHidden|screenLayout|screenSize|orientation"
108-->[com.facebook.android:facebook-common:14.0.0] AndroidManifest.xml:32:13-96
109            android:theme="@style/com_facebook_activity_theme" />
109-->[com.facebook.android:facebook-common:14.0.0] AndroidManifest.xml:33:13-63
110        <activity android:name="com.facebook.CustomTabMainActivity" />
110-->[com.facebook.android:facebook-common:14.0.0] AndroidManifest.xml:34:9-71
110-->[com.facebook.android:facebook-common:14.0.0] AndroidManifest.xml:34:19-68
111        <activity
111-->[com.facebook.android:facebook-common:14.0.0] AndroidManifest.xml:35:9-49:20
112            android:name="com.facebook.CustomTabActivity"
112-->[com.facebook.android:facebook-common:14.0.0] AndroidManifest.xml:36:13-58
113            android:exported="true" >
113-->[com.facebook.android:facebook-common:14.0.0] AndroidManifest.xml:37:13-36
114            <intent-filter>
114-->[com.facebook.android:facebook-common:14.0.0] AndroidManifest.xml:39:13-48:29
115                <action android:name="android.intent.action.VIEW" />
115-->[com.facebook.android:facebook-common:14.0.0] AndroidManifest.xml:40:17-69
115-->[com.facebook.android:facebook-common:14.0.0] AndroidManifest.xml:40:25-66
116
117                <category android:name="android.intent.category.DEFAULT" />
117-->[com.facebook.android:facebook-common:14.0.0] AndroidManifest.xml:42:17-76
117-->[com.facebook.android:facebook-common:14.0.0] AndroidManifest.xml:42:27-73
118                <category android:name="android.intent.category.BROWSABLE" />
118-->[com.facebook.android:facebook-common:14.0.0] AndroidManifest.xml:43:17-78
118-->[com.facebook.android:facebook-common:14.0.0] AndroidManifest.xml:43:27-75
119
120                <data
120-->[com.facebook.android:facebook-common:14.0.0] AndroidManifest.xml:45:17-47:50
121                    android:host="cct.com.fitness.moaching_app"
121-->[com.facebook.android:facebook-common:14.0.0] AndroidManifest.xml:46:21-56
122                    android:scheme="fbconnect" />
122-->[com.facebook.android:facebook-common:14.0.0] AndroidManifest.xml:47:21-47
123            </intent-filter>
124        </activity>
125        <!--
126         The initialization ContentProvider will call FacebookSdk.sdkInitialize automatically
127         with the application context. This config is merged in with the host app's manifest,
128         but there can only be one provider with the same authority activated at any given
129         point; so if the end user has two or more different apps that use Facebook SDK, only the
130         first one will be able to use the provider. To work around this problem, we use the
131         following placeholder in the authority to identify each host application as if it was
132         a completely different provider.
133        -->
134        <provider
134-->[com.facebook.android:facebook-core:14.0.0] AndroidManifest.xml:41:9-44:40
135            android:name="com.facebook.internal.FacebookInitProvider"
135-->[com.facebook.android:facebook-core:14.0.0] AndroidManifest.xml:42:13-70
136            android:authorities="com.fitness.moaching_app.FacebookInitProvider"
136-->[com.facebook.android:facebook-core:14.0.0] AndroidManifest.xml:43:13-72
137            android:exported="false" />
137-->[com.facebook.android:facebook-core:14.0.0] AndroidManifest.xml:44:13-37
138
139        <receiver
139-->[com.facebook.android:facebook-core:14.0.0] AndroidManifest.xml:46:9-52:20
140            android:name="com.facebook.CurrentAccessTokenExpirationBroadcastReceiver"
140-->[com.facebook.android:facebook-core:14.0.0] AndroidManifest.xml:47:13-86
141            android:exported="false" >
141-->[com.facebook.android:facebook-core:14.0.0] AndroidManifest.xml:48:13-37
142            <intent-filter>
142-->[com.facebook.android:facebook-core:14.0.0] AndroidManifest.xml:49:13-51:29
143                <action android:name="com.facebook.sdk.ACTION_CURRENT_ACCESS_TOKEN_CHANGED" />
143-->[com.facebook.android:facebook-core:14.0.0] AndroidManifest.xml:50:17-95
143-->[com.facebook.android:facebook-core:14.0.0] AndroidManifest.xml:50:25-92
144            </intent-filter>
145        </receiver>
146        <receiver
146-->[com.facebook.android:facebook-core:14.0.0] AndroidManifest.xml:53:9-59:20
147            android:name="com.facebook.AuthenticationTokenManager$CurrentAuthenticationTokenChangedBroadcastReceiver"
147-->[com.facebook.android:facebook-core:14.0.0] AndroidManifest.xml:54:13-118
148            android:exported="false" >
148-->[com.facebook.android:facebook-core:14.0.0] AndroidManifest.xml:55:13-37
149            <intent-filter>
149-->[com.facebook.android:facebook-core:14.0.0] AndroidManifest.xml:56:13-58:29
150                <action android:name="com.facebook.sdk.ACTION_CURRENT_AUTHENTICATION_TOKEN_CHANGED" />
150-->[com.facebook.android:facebook-core:14.0.0] AndroidManifest.xml:57:17-103
150-->[com.facebook.android:facebook-core:14.0.0] AndroidManifest.xml:57:25-100
151            </intent-filter>
152        </receiver>
153
154        <provider
154-->[androidx.emoji2:emoji2:1.0.0] AndroidManifest.xml:26:9-34:20
155            android:name="androidx.startup.InitializationProvider"
155-->[androidx.emoji2:emoji2:1.0.0] AndroidManifest.xml:27:13-67
156            android:authorities="com.fitness.moaching_app.androidx-startup"
156-->[androidx.emoji2:emoji2:1.0.0] AndroidManifest.xml:28:13-68
157            android:exported="false" >
157-->[androidx.emoji2:emoji2:1.0.0] AndroidManifest.xml:29:13-37
158            <meta-data
158-->[androidx.emoji2:emoji2:1.0.0] AndroidManifest.xml:31:13-33:52
159                android:name="androidx.emoji2.text.EmojiCompatInitializer"
159-->[androidx.emoji2:emoji2:1.0.0] AndroidManifest.xml:32:17-75
160                android:value="androidx.startup" />
160-->[androidx.emoji2:emoji2:1.0.0] AndroidManifest.xml:33:17-49
161            <meta-data
161-->[androidx.lifecycle:lifecycle-process:2.4.0] AndroidManifest.xml:31:13-33:52
162                android:name="androidx.lifecycle.ProcessLifecycleInitializer"
162-->[androidx.lifecycle:lifecycle-process:2.4.0] AndroidManifest.xml:32:17-78
163                android:value="androidx.startup" />
163-->[androidx.lifecycle:lifecycle-process:2.4.0] AndroidManifest.xml:33:17-49
164        </provider>
165    </application>
166
167</manifest>